0 info it worked if it ends with ok
1 verbose cli [ '/Users/gregfederico/.nvm/versions/node/v5.0.0/bin/node',
1 verbose cli   '/Users/gregfederico/.nvm/versions/node/v5.0.0/bin/npm',
1 verbose cli   'run',
1 verbose cli   'test' ]
2 info using npm@3.3.6
3 info using node@v5.0.0
4 verbose run-script [ 'pretest', 'test', 'posttest' ]
5 info lifecycle flappy-bird@1.0.0~pretest: flappy-bird@1.0.0
6 silly lifecycle flappy-bird@1.0.0~pretest: no script for pretest, continuing
7 info lifecycle flappy-bird@1.0.0~test: flappy-bird@1.0.0
8 verbose lifecycle flappy-bird@1.0.0~test: unsafe-perm in lifecycle true
9 verbose lifecycle flappy-bird@1.0.0~test: PATH: /Users/gregfederico/.nvm/versions/node/v5.0.0/lib/node_modules/npm/bin/node-gyp-bin:/Users/gregfederico/Documents/Thinkful/projects/flappybird-landingpage/flappy-bird/node_modules/.bin:/Users/gregfederico/.nvm/versions/node/v5.0.0/bin:/usr/bin:/bin:/usr/sbin:/sbin:/usr/local/bin
10 verbose lifecycle flappy-bird@1.0.0~test: CWD: /Users/gregfederico/Documents/Thinkful/projects/flappybird-landingpage/flappy-bird
11 silly lifecycle flappy-bird@1.0.0~test: Args: [ '-c', 'echo "Error: no test specified" && exit 1' ]
12 silly lifecycle flappy-bird@1.0.0~test: Returned: code: 1  signal: null
13 info lifecycle flappy-bird@1.0.0~test: Failed to exec test script
14 verbose stack Error: flappy-bird@1.0.0 test: `echo "Error: no test specified" && exit 1`
14 verbose stack Exit status 1
14 verbose stack     at EventEmitter.<anonymous> (/Users/gregfederico/.nvm/versions/node/v5.0.0/lib/node_modules/npm/lib/utils/lifecycle.js:233:16)
14 verbose stack     at emitTwo (events.js:87:13)
14 verbose stack     at EventEmitter.emit (events.js:172:7)
14 verbose stack     at ChildProcess.<anonymous> (/Users/gregfederico/.nvm/versions/node/v5.0.0/lib/node_modules/npm/lib/utils/spawn.js:24:14)
14 verbose stack     at emitTwo (events.js:87:13)
14 verbose stack     at ChildProcess.emit (events.js:172:7)
14 verbose stack     at maybeClose (internal/child_process.js:818:16)
14 verbose stack     at Process.ChildProcess._handle.onexit (internal/child_process.js:211:5)
15 verbose pkgid flappy-bird@1.0.0
16 verbose cwd /Users/gregfederico/Documents/Thinkful/projects/flappybird-landingpage/flappy-bird
17 error Darwin 15.0.0
18 error argv "/Users/gregfederico/.nvm/versions/node/v5.0.0/bin/node" "/Users/gregfederico/.nvm/versions/node/v5.0.0/bin/npm" "run" "test"
19 error node v5.0.0
20 error npm  v3.3.6
21 error code ELIFECYCLE
22 error flappy-bird@1.0.0 test: `echo "Error: no test specified" && exit 1`
22 error Exit status 1
23 error Failed at the flappy-bird@1.0.0 test script 'echo "Error: no test specified" && exit 1'.
23 error This is most likely a problem with the flappy-bird package,
23 error not with npm itself.
23 error Tell the author that this fails on your system:
23 error     echo "Error: no test specified" && exit 1
23 error You can get their info via:
23 error     npm owner ls flappy-bird
23 error There is likely additional logging output above.
24 verbose exit [ 1, true ]
